<?xml version="1.0" encoding="UTF-8"?>
<testsuite xmlns:xsi="http://www.w3.org/2001/XMLSchema-instance" xsi:noNamespaceSchemaLocation="https://maven.apache.org/surefire/maven-surefire-plugin/xsd/surefire-test-report-3.0.xsd" version="3.0" name="com.upb.agripos.ProductTest" time="0.334" tests="2" errors="0" skipped="0" failures="0">
  <properties>
[...]
</properties>
  <testcase name="testSingletonInstance" classname="com.upb.agripos.ProductTest" time="0.302">
    <system-out><![CDATA[Pengujian Singleton Database Berhasil!
]]></system-out>
  </testcase>
  <testcase name="testProductAttributes" classname="com.upb.agripos.ProductTest" time="0.005">
    <system-out><![CDATA[Hello, I am [Rizal Ramadani] - [240202883] (Week10)
Pengujian Atribut Produk Berhasil!
]]></system-out>
  </testcase>
</testsuite>